# JRE version: OpenJDK Runtime Environment (11.0.12+7) (build 11.0.12+7-b1504.28-7817840)
# Java VM: OpenJDK 64-Bit Server VM (11.0.12+7-b1504.28-7817840, mixed mode, tiered, compressed oops, g1 gc, windows-amd64)
Heap:
 garbage-first heap   total 273408K, used 198315K [0x0000000080000000, 0x0000000100000000)
  region size 1024K, 47 young (48128K), 6 survivors (6144K)
 Metaspace       used 144580K, capacity 149093K, committed 149376K, reserved 1179648K
  class space    used 17728K, capacity 19280K, committed 19328K, reserved 1048576K
GC Heap History (20 events):
Event: 4497.087 GC heap after
{Heap after GC invocations=183 (full 0):
 garbage-first heap   total 227328K, used 157035K [0x0000000080000000, 0x0000000100000000)
  region size 1024K, 3 young (3072K), 3 survivors (3072K)
 Metaspace       used 126151K, capacity 130092K, committed 130432K, reserved 1163264K
  class space    used 15363K, capacity 16668K, committed 16768K, reserved 1048576K
}
Event: 4497.144 GC heap before
{Heap before GC invocations=183 (full 0):
 garbage-first heap   total 227328K, used 177515K [0x0000000080000000, 0x0000000100000000)
  region size 1024K, 24 young (24576K), 3 survivors (3072K)
 Metaspace       used 126151K, capacity 130092K, committed 130432K, reserved 1163264K
  class space    used 15363K, capacity 16668K, committed 16768K, reserved 1048576K
}
Event: 4497.159 GC heap after
{Heap after GC invocations=184 (full 0):
 garbage-first heap   total 227328K, used 161040K [0x0000000080000000, 0x0000000100000000)
  region size 1024K, 3 young (3072K), 3 survivors (3072K)
 Metaspace       used 126151K, capacity 130092K, committed 130432K, reserved 1163264K
  class space    used 15363K, capacity 16668K, committed 16768K, reserved 1048576K
}
Event: 4497.517 GC heap before
{Heap before GC invocations=185 (full 0):
 garbage-first heap   total 227328K, used 180496K [0x0000000080000000, 0x0000000100000000)
  region size 1024K, 24 young (24576K), 3 survivors (3072K)
 Metaspace       used 126277K, capacity 130196K, committed 130432K, reserved 1163264K
  class space    used 15382K, capacity 16702K, committed 16768K, reserved 1048576K
}
Event: 4497.525 GC heap after
{Heap after GC invocations=186 (full 0):
 garbage-first heap   total 227328K, used 160650K [0x0000000080000000, 0x0000000100000000)
  region size 1024K, 1 young (1024K), 1 survivors (1024K)
 Metaspace       used 126277K, capacity 130196K, committed 130432K, reserved 1163264K
  class space    used 15382K, capacity 16702K, committed 16768K, reserved 1048576K
}
Event: 4497.590 GC heap before
{Heap before GC invocations=186 (full 0):
 garbage-first heap   total 227328K, used 169866K [0x0000000080000000, 0x0000000100000000)
  region size 1024K, 11 young (11264K), 1 survivors (1024K)
 Metaspace       used 126309K, capacity 130260K, committed 130432K, reserved 1163264K
  class space    used 15382K, capacity 16702K, committed 16768K, reserved 1048576K
}
Event: 4497.628 GC heap after
{Heap after GC invocations=187 (full 0):
 garbage-first heap   total 227328K, used 148149K [0x0000000080000000, 0x0000000100000000)
  region size 1024K, 1 young (1024K), 1 survivors (1024K)
 Metaspace       used 126309K, capacity 130260K, committed 130432K, reserved 1163264K
  class space    used 15382K, capacity 16702K, committed 16768K, reserved 1048576K
}
Event: 4498.101 GC heap before
{Heap before GC invocations=187 (full 0):
 garbage-first heap   total 227328K, used 173749K [0x0000000080000000, 0x0000000100000000)
  region size 1024K, 27 young (27648K), 1 survivors (1024K)
 Metaspace       used 127199K, capacity 131174K, committed 131328K, reserved 1163264K
  class space    used 15477K, capacity 16793K, committed 16896K, reserved 1048576K
}
Event: 4498.116 GC heap after
{Heap after GC invocations=188 (full 0):
 garbage-first heap   total 227328K, used 153088K [0x0000000080000000, 0x0000000100000000)
  region size 1024K, 4 young (4096K), 4 survivors (4096K)
 Metaspace       used 127199K, capacity 131174K, committed 131328K, reserved 1163264K
  class space    used 15477K, capacity 16793K, committed 16896K, reserved 1048576K
}
Event: 4499.037 GC heap before
{Heap before GC invocations=189 (full 0):
 garbage-first heap   total 227328K, used 175616K [0x0000000080000000, 0x0000000100000000)
  region size 1024K, 30 young (30720K), 4 survivors (4096K)
 Metaspace       used 132822K, capacity 136921K, committed 137216K, reserved 1169408K
  class space    used 16221K, capacity 17580K, committed 17664K, reserved 1048576K
}
Event: 4499.053 GC heap after
{Heap after GC invocations=190 (full 0):
 garbage-first heap   total 227328K, used 152166K [0x0000000080000000, 0x0000000100000000)
  region size 1024K, 2 young (2048K), 2 survivors (2048K)
 Metaspace       used 132822K, capacity 136921K, committed 137216K, reserved 1169408K
  class space    used 16221K, capacity 17580K, committed 17664K, reserved 1048576K
}
Event: 4499.221 GC heap before
{Heap before GC invocations=190 (full 0):
 garbage-first heap   total 227328K, used 162406K [0x0000000080000000, 0x0000000100000000)
  region size 1024K, 11 young (11264K), 2 survivors (2048K)
 Metaspace       used 133205K, capacity 137293K, committed 137472K, reserved 1169408K
  class space    used 16248K, capacity 17619K, committed 17664K, reserved 1048576K
}
Event: 4499.238 GC heap after
{Heap after GC invocations=191 (full 0):
 garbage-first heap   total 227328K, used 147456K [0x0000000080000000, 0x0000000100000000)
  region size 1024K, 2 young (2048K), 2 survivors (2048K)
 Metaspace       used 133205K, capacity 137293K, committed 137472K, reserved 1169408K
  class space    used 16248K, capacity 17619K, committed 17664K, reserved 1048576K
}
Event: 4500.396 GC heap before
{Heap before GC invocations=191 (full 0):
 garbage-first heap   total 227328K, used 176128K [0x0000000080000000, 0x0000000100000000)
  region size 1024K, 31 young (31744K), 2 survivors (2048K)
 Metaspace       used 134888K, capacity 139047K, committed 139264K, reserved 1171456K
  class space    used 16414K, capacity 17838K, committed 17920K, reserved 1048576K
}
Event: 4500.412 GC heap after
{Heap after GC invocations=192 (full 0):
 garbage-first heap   total 227328K, used 153088K [0x0000000080000000, 0x0000000100000000)
  region size 1024K, 4 young (4096K), 4 survivors (4096K)
 Metaspace       used 134888K, capacity 139047K, committed 139264K, reserved 1171456K
  class space    used 16414K, capacity 17838K, committed 17920K, reserved 1048576K
}
Event: 4501.266 GC heap before
{Heap before GC invocations=193 (full 0):
 garbage-first heap   total 227328K, used 185856K [0x0000000080000000, 0x0000000100000000)
  region size 1024K, 32 young (32768K), 4 survivors (4096K)
 Metaspace       used 136561K, capacity 140806K, committed 141056K, reserved 1171456K
  class space    used 16613K, capacity 18073K, committed 18176K, reserved 1048576K
}
Event: 4501.281 GC heap after
{Heap after GC invocations=194 (full 0):
 garbage-first heap   total 273408K, used 155700K [0x0000000080000000, 0x0000000100000000)
  region size 1024K, 3 young (3072K), 3 survivors (3072K)
 Metaspace       used 136561K, capacity 140806K, committed 141056K, reserved 1171456K
  class space    used 16613K, capacity 18073K, committed 18176K, reserved 1048576K
}
Event: 4501.552 GC heap before
{Heap before GC invocations=194 (full 0):
 garbage-first heap   total 273408K, used 164916K [0x0000000080000000, 0x0000000100000000)
  region size 1024K, 13 young (13312K), 3 survivors (3072K)
 Metaspace       used 138829K, capacity 143190K, committed 143360K, reserved 1173504K
  class space    used 16912K, capacity 18383K, committed 18432K, reserved 1048576K
}
Event: 4501.564 GC heap after
{Heap after GC invocations=195 (full 0):
 garbage-first heap   total 273408K, used 156331K [0x0000000080000000, 0x0000000100000000)
  region size 1024K, 2 young (2048K), 2 survivors (2048K)
 Metaspace       used 138829K, capacity 143190K, committed 143360K, reserved 1173504K
  class space    used 16912K, capacity 18383K, committed 18432K, reserved 1048576K
}
Event: 4502.735 GC heap before
{Heap before GC invocations=195 (full 0):
 garbage-first heap   total 273408K, used 198315K [0x0000000080000000, 0x0000000100000000)
  region size 1024K, 43 young (44032K), 2 survivors (2048K)
 Metaspace       used 144580K, capacity 149093K, committed 149376K, reserved 1179648K
  class space    used 17728K, capacity 19280K, committed 19328K, reserved 1048576K
}

