# JRE version: OpenJDK Runtime Environment (11.0.12+7) (build 11.0.12+7-b1504.28-7817840)
# Java VM: OpenJDK 64-Bit Server VM (11.0.12+7-b1504.28-7817840, mixed mode, tiered, compressed oops, g1 gc, windows-amd64)
Heap:
 garbage-first heap   total 227328K, used 153060K [0x0000000080000000, 0x0000000100000000)
  region size 1024K, 98 young (100352K), 10 survivors (10240K)
 Metaspace       used 84475K, capacity 86594K, committed 86856K, reserved 1124352K
  class space    used 10916K, capacity 11688K, committed 11724K, reserved 1048576K
GC Heap History (20 events):
Event: 4.603 GC heap after
{Heap after GC invocations=7 (full 0):
 garbage-first heap   total 131072K, used 18051K [0x0000000080000000, 0x0000000100000000)
  region size 1024K, 3 young (3072K), 3 survivors (3072K)
 Metaspace       used 24702K, capacity 25296K, committed 25648K, reserved 1071104K
  class space    used 3153K, capacity 3354K, committed 3456K, reserved 1048576K
}
Event: 5.618 GC heap before
{Heap before GC invocations=7 (full 0):
 garbage-first heap   total 131072K, used 72323K [0x0000000080000000, 0x0000000100000000)
  region size 1024K, 56 young (57344K), 3 survivors (3072K)
 Metaspace       used 30185K, capacity 30848K, committed 31152K, reserved 1077248K
  class space    used 4034K, capacity 4276K, committed 4352K, reserved 1048576K
}
Event: 5.628 GC heap after
{Heap after GC invocations=8 (full 0):
 garbage-first heap   total 157696K, used 19842K [0x0000000080000000, 0x0000000100000000)
  region size 1024K, 5 young (5120K), 5 survivors (5120K)
 Metaspace       used 30185K, capacity 30848K, committed 31152K, reserved 1077248K
  class space    used 4034K, capacity 4276K, committed 4352K, reserved 1048576K
}
Event: 6.145 GC heap before
{Heap before GC invocations=8 (full 0):
 garbage-first heap   total 157696K, used 36226K [0x0000000080000000, 0x0000000100000000)
  region size 1024K, 22 young (22528K), 5 survivors (5120K)
 Metaspace       used 34839K, capacity 35667K, committed 35708K, reserved 1081344K
  class space    used 4509K, capacity 4839K, committed 4864K, reserved 1048576K
}
Event: 6.158 GC heap after
{Heap after GC invocations=9 (full 0):
 garbage-first heap   total 157696K, used 22229K [0x0000000080000000, 0x0000000100000000)
  region size 1024K, 7 young (7168K), 7 survivors (7168K)
 Metaspace       used 34839K, capacity 35667K, committed 35708K, reserved 1081344K
  class space    used 4509K, capacity 4839K, committed 4864K, reserved 1048576K
}
Event: 7.359 GC heap before
{Heap before GC invocations=10 (full 0):
 garbage-first heap   total 157696K, used 85717K [0x0000000080000000, 0x0000000100000000)
  region size 1024K, 67 young (68608K), 7 survivors (7168K)
 Metaspace       used 39726K, capacity 40728K, committed 40904K, reserved 1085440K
  class space    used 5075K, capacity 5394K, committed 5452K, reserved 1048576K
}
Event: 7.378 GC heap after
{Heap after GC invocations=11 (full 0):
 garbage-first heap   total 157696K, used 27053K [0x0000000080000000, 0x0000000100000000)
  region size 1024K, 9 young (9216K), 9 survivors (9216K)
 Metaspace       used 39726K, capacity 40728K, committed 40904K, reserved 1085440K
  class space    used 5075K, capacity 5394K, committed 5452K, reserved 1048576K
}
Event: 8.542 GC heap before
{Heap before GC invocations=11 (full 0):
 garbage-first heap   total 157696K, used 91565K [0x0000000080000000, 0x0000000100000000)
  region size 1024K, 71 young (72704K), 9 survivors (9216K)
 Metaspace       used 45250K, capacity 46375K, committed 46536K, reserved 1089536K
  class space    used 5813K, capacity 6200K, committed 6220K, reserved 1048576K
}
Event: 8.561 GC heap after
{Heap after GC invocations=12 (full 0):
 garbage-first heap   total 157696K, used 29240K [0x0000000080000000, 0x0000000100000000)
  region size 1024K, 3 young (3072K), 3 survivors (3072K)
 Metaspace       used 45250K, capacity 46375K, committed 46536K, reserved 1089536K
  class space    used 5813K, capacity 6200K, committed 6220K, reserved 1048576K
}
Event: 10.666 GC heap before
{Heap before GC invocations=12 (full 0):
 garbage-first heap   total 157696K, used 98872K [0x0000000080000000, 0x0000000100000000)
  region size 1024K, 68 young (69632K), 3 survivors (3072K)
 Metaspace       used 48597K, capacity 49911K, committed 50120K, reserved 1093632K
  class space    used 6191K, capacity 6622K, committed 6732K, reserved 1048576K
}
Event: 10.685 GC heap after
{Heap after GC invocations=13 (full 0):
 garbage-first heap   total 189440K, used 44032K [0x0000000080000000, 0x0000000100000000)
  region size 1024K, 9 young (9216K), 9 survivors (9216K)
 Metaspace       used 48597K, capacity 49911K, committed 50120K, reserved 1093632K
  class space    used 6191K, capacity 6622K, committed 6732K, reserved 1048576K
}
Event: 12.538 GC heap before
{Heap before GC invocations=13 (full 0):
 garbage-first heap   total 189440K, used 116736K [0x0000000080000000, 0x0000000100000000)
  region size 1024K, 81 young (82944K), 9 survivors (9216K)
 Metaspace       used 58485K, capacity 59939K, committed 59976K, reserved 1101824K
  class space    used 7350K, capacity 7862K, committed 7884K, reserved 1048576K
}
Event: 12.558 GC heap after
{Heap after GC invocations=14 (full 0):
 garbage-first heap   total 189440K, used 48645K [0x0000000080000000, 0x0000000100000000)
  region size 1024K, 4 young (4096K), 4 survivors (4096K)
 Metaspace       used 58485K, capacity 59939K, committed 59976K, reserved 1101824K
  class space    used 7350K, capacity 7862K, committed 7884K, reserved 1048576K
}
Event: 14.229 GC heap before
{Heap before GC invocations=15 (full 0):
 garbage-first heap   total 189440K, used 123397K [0x0000000080000000, 0x0000000100000000)
  region size 1024K, 77 young (78848K), 4 survivors (4096K)
 Metaspace       used 66152K, capacity 67757K, committed 67912K, reserved 1107968K
  class space    used 8326K, capacity 8895K, committed 8908K, reserved 1048576K
}
Event: 14.246 GC heap after
{Heap after GC invocations=16 (full 0):
 garbage-first heap   total 189440K, used 54789K [0x0000000080000000, 0x0000000100000000)
  region size 1024K, 10 young (10240K), 10 survivors (10240K)
 Metaspace       used 66152K, capacity 67757K, committed 67912K, reserved 1107968K
  class space    used 8326K, capacity 8895K, committed 8908K, reserved 1048576K
}
Event: 15.548 GC heap before
{Heap before GC invocations=16 (full 0):
 garbage-first heap   total 189440K, used 129541K [0x0000000080000000, 0x0000000100000000)
  region size 1024K, 83 young (84992K), 10 survivors (10240K)
 Metaspace       used 71428K, capacity 73152K, committed 73288K, reserved 1112064K
  class space    used 9219K, capacity 9817K, committed 9932K, reserved 1048576K
}
Event: 15.571 GC heap after
{Heap after GC invocations=17 (full 0):
 garbage-first heap   total 189440K, used 59364K [0x0000000080000000, 0x0000000100000000)
  region size 1024K, 6 young (6144K), 6 survivors (6144K)
 Metaspace       used 71428K, capacity 73152K, committed 73288K, reserved 1112064K
  class space    used 9219K, capacity 9817K, committed 9932K, reserved 1048576K
}
Event: 17.121 GC heap before
{Heap before GC invocations=17 (full 0):
 garbage-first heap   total 189440K, used 134116K [0x0000000080000000, 0x0000000100000000)
  region size 1024K, 79 young (80896K), 6 survivors (6144K)
 Metaspace       used 79068K, capacity 80959K, committed 80968K, reserved 1120256K
  class space    used 10291K, capacity 10955K, committed 10956K, reserved 1048576K
}
Event: 17.140 GC heap after
{Heap after GC invocations=18 (full 0):
 garbage-first heap   total 227328K, used 62948K [0x0000000080000000, 0x0000000100000000)
  region size 1024K, 9 young (9216K), 9 survivors (9216K)
 Metaspace       used 79068K, capacity 80959K, committed 80968K, reserved 1120256K
  class space    used 10291K, capacity 10955K, committed 10956K, reserved 1048576K
}
Event: 19.850 GC heap before
{Heap before GC invocations=18 (full 0):
 garbage-first heap   total 227328K, used 152036K [0x0000000080000000, 0x0000000100000000)
  region size 1024K, 97 young (99328K), 9 survivors (9216K)
 Metaspace       used 84475K, capacity 86594K, committed 86856K, reserved 1124352K
  class space    used 10916K, capacity 11688K, committed 11724K, reserved 1048576K
}

